<?xml version='1.0' encoding='UTF-8' ?>
<testsuite name="com.example.testprog.ExampleInstrumentedTest" tests="1" failures="0" errors="0" skipped="0" time="0.751" timestamp="2022-10-17T15:47:48" hostname="localhost">
  <properties>
    <property name="device" value="Pixel_4_API_30(AVD) - 11" />
    <property name="flavor" value="" />
    <property name="project" value=":app" />
  </properties>
  <testcase name="useAppContext" classname="com.example.testprog.ExampleInstrumentedTest" time="0.016" />
</testsuite>